2003.11.06 07:14 B C:\Documents and Settings\Trading\My Documents\Internet\StartPageDad\Startpage.htm --> ftp.rangeweb.net /public_html Startpage.htm
2003.11.06 07:19 B C:\Documents and Settings\Trading\My Documents\Internet\StartPageDad\1ptrans.gif --> ftp.rangeweb.net /public_html/Startpage 1ptrans.gif
2003.11.06 07:19 B C:\Documents and Settings\Trading\My Documents\Internet\StartPageDad\CNN-LOGO.gif --> ftp.rangeweb.net /public_html/Startpage CNN-LOGO.gif
2003.11.06 07:19 B C:\Documents and Settings\Trading\My Documents\Internet\StartPageDad\colorbar.gif --> ftp.rangeweb.net /public_html/Startpage colorbar.gif
2003.11.06 07:19 B C:\Documents and Settings\Trading\My Documents\Internet\StartPageDad\Copy of Startpage.htm --> ftp.rangeweb.net /public_html/Startpage Copy of Startpage.htm
2003.11.06 07:19 B C:\Documents and Settings\Trading\My Documents\Internet\StartPageDad\google.gif --> ftp.rangeweb.net /public_html/Startpage google.gif
2003.11.06 07:19 B C:\Documents and Settings\Trading\My Documents\Internet\StartPageDad\hrb.gif --> ftp.rangeweb.net /public_html/Startpage hrb.gif
2003.11.06 07:19 B C:\Documents and Settings\Trading\My Documents\Internet\StartPageDad\image.gif --> ftp.rangeweb.net /public_html/Startpage image.gif
2003.11.06 07:19 B C:\Documents and Settings\Trading\My Documents\Internet\StartPageDad\line4.gif --> ftp.rangeweb.net /public_html/Startpage line4.gif
2003.11.06 07:19 B C:\Documents and Settings\Trading\My Documents\Internet\StartPageDad\nalogo.gif --> ftp.rangeweb.net /public_html/Startpage nalogo.gif
2003.11.06 07:19 B C:\Documents and Settings\Trading\My Documents\Internet\StartPageDad\SEARCH-ALTA.GIF --> ftp.rangeweb.net /public_html/Startpage SEARCH-ALTA.GIF
2003.11.06 07:20 B C:\Documents and Settings\Trading\My Documents\Internet\StartPageDad\SECtypes.htm --> ftp.rangeweb.net /public_html/Startpage SECtypes.htm
2003.11.06 07:20 B C:\Documents and Settings\Trading\My Documents\Internet\StartPageDad\START-CHIRO-TOP.GIF --> ftp.rangeweb.net /public_html/Startpage START-CHIRO-TOP.GIF
2003.11.06 07:20 B C:\Documents and Settings\Trading\My Documents\Internet\StartPageDad\start.gif --> ftp.rangeweb.net /public_html/Startpage start.gif
2003.11.06 07:20 B C:\Documents and Settings\Trading\My Documents\Internet\StartPageDad\Startpage - old.htm --> ftp.rangeweb.net /public_html/Startpage Startpage - old.htm
2003.11.06 07:20 B C:\Documents and Settings\Trading\My Documents\Internet\StartPageDad\Startpage.htm --> ftp.rangeweb.net /public_html/Startpage Startpage.htm
2003.11.06 07:20 B C:\Documents and Settings\Trading\My Documents\Internet\StartPageDad\Startpage2.htm --> ftp.rangeweb.net /public_html/Startpage Startpage2.htm
2003.11.06 07:20 B C:\Documents and Settings\Trading\My Documents\Internet\StartPageDad\trans-space.gif --> ftp.rangeweb.net /public_html/Startpage trans-space.gif
2003.11.06 07:20 B C:\Documents and Settings\Trading\My Documents\Internet\StartPageDad\USA-TODAY-LOGO.GIF --> ftp.rangeweb.net /public_html/Startpage USA-TODAY-LOGO.GIF
2004.03.04 15:19 B C:\Documents and Settings\Trading\My Documents\Internet\StartPageDad\Startpage.htm --> ftp.rangeweb.net /public_html/Startpage Startpage.htm
2004.04.01 07:00 B C:\Documents and Settings\Trading\My Documents\Internet\StartPageDad\Startpage.htm --> ftp.rangeweb.net /public_html/Startpage Startpage.htm
2004.04.04 09:44 B C:\Documents and Settings\Trading\My Documents\Internet\StartPageDad\Startpage.htm --> ftp.rangeweb.net /public_html/Startpage Startpage.htm
2004.04.26 10:01 B C:\Documents and Settings\Trading\My Documents\Internet\StartPageDad\Startpage.htm --> ftp.rangeweb.net /public_html/Startpage Startpage.htm
2004.11.05 09:49 B C:\Documents and Settings\Trading\My Documents\Internet\StartPageDad\Startpage.htm --> ftp.rangeweb.net /public_html/Startpage Startpage.htm
2005.01.05 11:52 B C:\Documents and Settings\Trading\My Documents\Internet\StartPageDad\Startpage.htm --> ftp.rangeweb.net / Startpage.htm
2005.01.05 11:53 B C:\Documents and Settings\Trading\My Documents\Internet\StartPageDad\Startpage.htm --> ftp.rangeweb.net /public_html Startpage.htm
2005.01.05 11:57 B C:\Documents and Settings\Trading\My Documents\Internet\StartPageDad\Startpage.htm --> ftp.rangeweb.net /public_html/Startpage Startpage.htm
2005.01.05 11:59 B C:\Documents and Settings\Trading\My Documents\Internet\StartPageDad\1ptrans.gif --> ftp.rangeweb.net /public_html/Startpage 1ptrans.gif
2005.01.05 11:59 B C:\Documents and Settings\Trading\My Documents\Internet\StartPageDad\CNN-LOGO.gif --> ftp.rangeweb.net /public_html/Startpage CNN-LOGO.gif
2005.01.05 11:59 B C:\Documents and Settings\Trading\My Documents\Internet\StartPageDad\colorbar.gif --> ftp.rangeweb.net /public_html/Startpage colorbar.gif
2005.01.05 11:59 B C:\Documents and Settings\Trading\My Documents\Internet\StartPageDad\Copy (2) of Startpage.htm --> ftp.rangeweb.net /public_html/Startpage Copy (2) of Startpage.htm
2005.01.05 11:59 B C:\Documents and Settings\Trading\My Documents\Internet\StartPageDad\Copy of Startpage.htm --> ftp.rangeweb.net /public_html/Startpage Copy of Startpage.htm
2005.01.05 11:59 B C:\Documents and Settings\Trading\My Documents\Internet\StartPageDad\google.gif --> ftp.rangeweb.net /public_html/Startpage google.gif
2005.01.05 11:59 B C:\Documents and Settings\Trading\My Documents\Internet\StartPageDad\hrb.gif --> ftp.rangeweb.net /public_html/Startpage hrb.gif
2005.01.05 11:59 B C:\Documents and Settings\Trading\My Documents\Internet\StartPageDad\image.gif --> ftp.rangeweb.net /public_html/Startpage image.gif
2005.01.05 11:59 B C:\Documents and Settings\Trading\My Documents\Internet\StartPageDad\line4.gif --> ftp.rangeweb.net /public_html/Startpage line4.gif
2005.01.05 11:59 B C:\Documents and Settings\Trading\My Documents\Internet\StartPageDad\nalogo.gif --> ftp.rangeweb.net /public_html/Startpage nalogo.gif
2005.01.05 11:59 B C:\Documents and Settings\Trading\My Documents\Internet\StartPageDad\SEARCH-ALTA.GIF --> ftp.rangeweb.net /public_html/Startpage SEARCH-ALTA.GIF
2005.01.05 11:59 B C:\Documents and Settings\Trading\My Documents\Internet\StartPageDad\SECtypes.htm --> ftp.rangeweb.net /public_html/Startpage SECtypes.htm
2005.01.05 11:59 B C:\Documents and Settings\Trading\My Documents\Internet\StartPageDad\START-CHIRO-TOP.GIF --> ftp.rangeweb.net /public_html/Startpage START-CHIRO-TOP.GIF
2005.01.05 11:59 B C:\Documents and Settings\Trading\My Documents\Internet\StartPageDad\start.gif --> ftp.rangeweb.net /public_html/Startpage start.gif
2005.01.05 11:59 B C:\Documents and Settings\Trading\My Documents\Internet\StartPageDad\Startpage - old.htm --> ftp.rangeweb.net /public_html/Startpage Startpage - old.htm
2005.01.05 11:59 B C:\Documents and Settings\Trading\My Documents\Internet\StartPageDad\Startpage.htm --> ftp.rangeweb.net /public_html/Startpage Startpage.htm
2005.01.05 11:59 B C:\Documents and Settings\Trading\My Documents\Internet\StartPageDad\trans-space.gif --> ftp.rangeweb.net /public_html/Startpage trans-space.gif
2005.01.05 11:59 B C:\Documents and Settings\Trading\My Documents\Internet\StartPageDad\USA-TODAY-LOGO.GIF --> ftp.rangeweb.net /public_html/Startpage USA-TODAY-LOGO.GIF
2005.04.03 08:22 B C:\Documents and Settings\Rick\My Documents\Internet\StartPageDad\Startpage.htm --> ftp.rangeweb.net /public_html/Startpage Startpage.htm
2005.04.03 08:33 B C:\Documents and Settings\Rick\My Documents\Internet\StartPageDad\Startpage.htm --> ftp.rangeweb.net /public_html/Startpage Startpage.htm
2005.04.03 08:34 B C:\Documents and Settings\Rick\My Documents\Internet\StartPageDad\digiclock.swf --> ftp.rangeweb.net /public_html/Startpage digiclock.swf
2005.04.30 14:23 B C:\Documents and Settings\Rick\My Documents\Internet\StartPageDad\Startpage.htm --> ftp.rangeweb.net /public_html/Startpage Startpage.htm
2005.04.30 17:45 B C:\Documents and Settings\Rick\My Documents\Internet\StartPageDad\Startpage.htm --> ftp.rangeweb.net /public_html/Startpage Startpage.htm
2006.03.21 21:25 B C:\Documents and Settings\Rick\My Documents\Internet\StartPageDad\Startpage.htm --> ftp.rangeweb.net /public_html/Startpage Startpage.htm
2006.03.21 21:26 B C:\Documents and Settings\Rick\My Documents\Internet\StartPageDad\Startpage at range.htm --> ftp.rangeweb.net /public_html/Startpage Startpage at range.htm
2006.03.22 07:58 B C:\Documents and Settings\Rick\My Documents\Internet\StartPageDad\Startpage at range.htm --> ftp.rangeweb.net /public_html/Startpage Startpage at range.htm
2006.03.22 07:58 B C:\Documents and Settings\Rick\My Documents\Internet\StartPageDad\Startpage - old.htm <-- range /public_html/Startpage Startpage - old.htm
2009.04.13 17:37 B C:\Documents and Settings\by staRMaxX\My Documents\StartPageDad\Startpage.htm --> rangeweb.net /public_html/Startpage Startpage.htm
2009.05.15 13:14 B C:\Documents and Settings\by staRMaxX\My Documents\StartPageDad\Startpage.htm --> rangeweb.net /public_html/Startpage Startpage.htm
