2003.11.06 07:16 B C:\Documents and Settings\Trading\My Documents\Internet\StartPageDad\Start Page Images\50star2.gif --> ftp.rangeweb.net /public_html/Startpage 50star2.gif
2003.11.06 07:16 B C:\Documents and Settings\Trading\My Documents\Internet\StartPageDad\Start Page Images\afgani~1[1].jpg --> ftp.rangeweb.net /public_html/Startpage afgani~1[1].jpg
2003.11.06 07:16 B C:\Documents and Settings\Trading\My Documents\Internet\StartPageDad\Start Page Images\amer-cit-medal[1].jpg --> ftp.rangeweb.net /public_html/Startpage amer-cit-medal[1].jpg
2003.11.06 07:16 B C:\Documents and Settings\Trading\My Documents\Internet\StartPageDad\Start Page Images\America[1].jpg --> ftp.rangeweb.net /public_html/Startpage America[1].jpg
2003.11.06 07:16 B C:\Documents and Settings\Trading\My Documents\Internet\StartPageDad\Start Page Images\anin[1].gif --> ftp.rangeweb.net /public_html/Startpage anin[1].gif
2003.11.06 07:16 B C:\Documents and Settings\Trading\My Documents\Internet\StartPageDad\Start Page Images\chicken.gif --> ftp.rangeweb.net /public_html/Startpage chicken.gif
2003.11.06 07:16 B C:\Documents and Settings\Trading\My Documents\Internet\StartPageDad\Start Page Images\chopper[1].jpg --> ftp.rangeweb.net /public_html/Startpage chopper[1].jpg
2003.11.06 07:16 B C:\Documents and Settings\Trading\My Documents\Internet\StartPageDad\Start Page Images\dish1.bmp --> ftp.rangeweb.net /public_html/Startpage dish1.bmp
2003.11.06 07:16 B C:\Documents and Settings\Trading\My Documents\Internet\StartPageDad\Start Page Images\Eagle_jpg.jpg.url --> ftp.rangeweb.net /public_html/Startpage Eagle_jpg.jpg.url
2003.11.06 07:17 B C:\Documents and Settings\Trading\My Documents\Internet\StartPageDad\Start Page Images\eaglebgbar[1].gif --> ftp.rangeweb.net /public_html/Startpage eaglebgbar[1].gif
2003.11.06 07:17 B C:\Documents and Settings\Trading\My Documents\Internet\StartPageDad\Start Page Images\eaglebites.jpg.url --> ftp.rangeweb.net /public_html/Startpage eaglebites.jpg.url
2003.11.06 07:17 B C:\Documents and Settings\Trading\My Documents\Internet\StartPageDad\Start Page Images\elmojumping[1].gif --> ftp.rangeweb.net /public_html/Startpage elmojumping[1].gif
2003.11.06 07:17 B C:\Documents and Settings\Trading\My Documents\Internet\StartPageDad\Start Page Images\fireworks_big_burst_sm_blk[1].gif --> ftp.rangeweb.net /public_html/Startpage fireworks_big_burst_sm_blk[1].gif
2003.11.06 07:17 B C:\Documents and Settings\Trading\My Documents\Internet\StartPageDad\Start Page Images\flag1b[1].jpg --> ftp.rangeweb.net /public_html/Startpage flag1b[1].jpg
2003.11.06 07:17 B C:\Documents and Settings\Trading\My Documents\Internet\StartPageDad\Start Page Images\flag3dbg[1].gif --> ftp.rangeweb.net /public_html/Startpage flag3dbg[1].gif
2003.11.06 07:17 B C:\Documents and Settings\Trading\My Documents\Internet\StartPageDad\Start Page Images\Flag_sidegraphic[1].jpg --> ftp.rangeweb.net /public_html/Startpage Flag_sidegraphic[1].jpg
2003.11.06 07:17 B C:\Documents and Settings\Trading\My Documents\Internet\StartPageDad\Start Page Images\flagbeigenoisybord[1].jpg --> ftp.rangeweb.net /public_html/Startpage flagbeigenoisybord[1].jpg
2003.11.06 07:17 B C:\Documents and Settings\Trading\My Documents\Internet\StartPageDad\Start Page Images\flagraise[1].jpg --> ftp.rangeweb.net /public_html/Startpage flagraise[1].jpg
2003.11.06 07:17 B C:\Documents and Settings\Trading\My Documents\Internet\StartPageDad\Start Page Images\flagWaves.jpg (13212 bytes).url --> ftp.rangeweb.net /public_html/Startpage flagWaves.jpg (13212 bytes).url
2003.11.06 07:17 B C:\Documents and Settings\Trading\My Documents\Internet\StartPageDad\Start Page Images\gerbil[1].gif --> ftp.rangeweb.net /public_html/Startpage gerbil[1].gif
2003.11.06 07:17 B C:\Documents and Settings\Trading\My Documents\Internet\StartPageDad\Start Page Images\hamu[1].gif --> ftp.rangeweb.net /public_html/Startpage hamu[1].gif
2003.11.06 07:17 B C:\Documents and Settings\Trading\My Documents\Internet\StartPageDad\Start Page Images\invasion[1].gif --> ftp.rangeweb.net /public_html/Startpage invasion[1].gif
2003.11.06 07:17 B C:\Documents and Settings\Trading\My Documents\Internet\StartPageDad\Start Page Images\lake-afgan.jpg.url --> ftp.rangeweb.net /public_html/Startpage lake-afgan.jpg.url
2003.11.06 07:17 B C:\Documents and Settings\Trading\My Documents\Internet\StartPageDad\Start Page Images\ln001.gif --> ftp.rangeweb.net /public_html/Startpage ln001.gif
2003.11.06 07:17 B C:\Documents and Settings\Trading\My Documents\Internet\StartPageDad\Start Page Images\manjumpingtobidmdblk[1].gif --> ftp.rangeweb.net /public_html/Startpage manjumpingtobidmdblk[1].gif
2003.11.06 07:17 B C:\Documents and Settings\Trading\My Documents\Internet\StartPageDad\Start Page Images\misc204.jpg (6606 bytes).url --> ftp.rangeweb.net /public_html/Startpage misc204.jpg (6606 bytes).url
2003.11.06 07:17 B C:\Documents and Settings\Trading\My Documents\Internet\StartPageDad\Start Page Images\mouse.gif --> ftp.rangeweb.net /public_html/Startpage mouse.gif
2003.11.06 07:17 B C:\Documents and Settings\Trading\My Documents\Internet\StartPageDad\Start Page Images\newparkingarea.jpg.url --> ftp.rangeweb.net /public_html/Startpage newparkingarea.jpg.url
2003.11.06 07:17 B C:\Documents and Settings\Trading\My Documents\Internet\StartPageDad\Start Page Images\outandplay.jpg.url --> ftp.rangeweb.net /public_html/Startpage outandplay.jpg.url
2003.11.06 07:17 B C:\Documents and Settings\Trading\My Documents\Internet\StartPageDad\Start Page Images\peng.gif --> ftp.rangeweb.net /public_html/Startpage peng.gif
2003.11.06 07:17 B C:\Documents and Settings\Trading\My Documents\Internet\StartPageDad\Start Page Images\ryokot.gif --> ftp.rangeweb.net /public_html/Startpage ryokot.gif
2003.11.06 07:17 B C:\Documents and Settings\Trading\My Documents\Internet\StartPageDad\Start Page Images\ryoohki.gif --> ftp.rangeweb.net /public_html/Startpage ryoohki.gif
2003.11.06 07:17 B C:\Documents and Settings\Trading\My Documents\Internet\StartPageDad\Start Page Images\sam[1].jpg --> ftp.rangeweb.net /public_html/Startpage sam[1].jpg
2003.11.06 07:17 B C:\Documents and Settings\Trading\My Documents\Internet\StartPageDad\Start Page Images\usa-eagle.gif --> ftp.rangeweb.net /public_html/Startpage usa-eagle.gif
2003.11.06 07:17 B C:\Documents and Settings\Trading\My Documents\Internet\StartPageDad\Start Page Images\usa-map.gif --> ftp.rangeweb.net /public_html/Startpage usa-map.gif
2003.11.06 07:18 B C:\Documents and Settings\Trading\My Documents\Internet\StartPageDad\Start Page Images\usa-ribbon.gif --> ftp.rangeweb.net /public_html/Startpage usa-ribbon.gif
2003.11.06 07:18 B C:\Documents and Settings\Trading\My Documents\Internet\StartPageDad\Start Page Images\workinitbg[1].jpg --> ftp.rangeweb.net /public_html/Startpage workinitbg[1].jpg
2005.01.05 11:54 B C:\Documents and Settings\Trading\My Documents\Internet\StartPageDad\Start Page Images\50star2.gif --> ftp.rangeweb.net /public_html/Start Page Images 50star2.gif
2005.01.05 11:54 B C:\Documents and Settings\Trading\My Documents\Internet\StartPageDad\Start Page Images\afgani~1[1].jpg --> ftp.rangeweb.net /public_html/Start Page Images afgani~1[1].jpg
2005.01.05 11:54 B C:\Documents and Settings\Trading\My Documents\Internet\StartPageDad\Start Page Images\amer-cit-medal[1].jpg --> ftp.rangeweb.net /public_html/Start Page Images amer-cit-medal[1].jpg
2005.01.05 11:54 B C:\Documents and Settings\Trading\My Documents\Internet\StartPageDad\Start Page Images\America[1].jpg --> ftp.rangeweb.net /public_html/Start Page Images America[1].jpg
2005.01.05 11:54 B C:\Documents and Settings\Trading\My Documents\Internet\StartPageDad\Start Page Images\anin[1].gif --> ftp.rangeweb.net /public_html/Start Page Images anin[1].gif
2005.01.05 11:54 B C:\Documents and Settings\Trading\My Documents\Internet\StartPageDad\Start Page Images\chicken.gif --> ftp.rangeweb.net /public_html/Start Page Images chicken.gif
2005.01.05 11:54 B C:\Documents and Settings\Trading\My Documents\Internet\StartPageDad\Start Page Images\chopper[1].jpg --> ftp.rangeweb.net /public_html/Start Page Images chopper[1].jpg
2005.01.05 11:54 B C:\Documents and Settings\Trading\My Documents\Internet\StartPageDad\Start Page Images\dish1.bmp --> ftp.rangeweb.net /public_html/Start Page Images dish1.bmp
2005.01.05 11:54 B C:\Documents and Settings\Trading\My Documents\Internet\StartPageDad\Start Page Images\Eagle_jpg.jpg.url --> ftp.rangeweb.net /public_html/Start Page Images Eagle_jpg.jpg.url
2005.01.05 11:54 B C:\Documents and Settings\Trading\My Documents\Internet\StartPageDad\Start Page Images\eaglebgbar[1].gif --> ftp.rangeweb.net /public_html/Start Page Images eaglebgbar[1].gif
2005.01.05 11:54 B C:\Documents and Settings\Trading\My Documents\Internet\StartPageDad\Start Page Images\eaglebites.jpg.url --> ftp.rangeweb.net /public_html/Start Page Images eaglebites.jpg.url
2005.01.05 11:54 B C:\Documents and Settings\Trading\My Documents\Internet\StartPageDad\Start Page Images\elmojumping[1].gif --> ftp.rangeweb.net /public_html/Start Page Images elmojumping[1].gif
2005.01.05 11:54 B C:\Documents and Settings\Trading\My Documents\Internet\StartPageDad\Start Page Images\fireworks_big_burst_sm_blk[1].gif --> ftp.rangeweb.net /public_html/Start Page Images fireworks_big_burst_sm_blk[1].gif
2005.01.05 11:54 B C:\Documents and Settings\Trading\My Documents\Internet\StartPageDad\Start Page Images\flag1b[1].jpg --> ftp.rangeweb.net /public_html/Start Page Images flag1b[1].jpg
2005.01.05 11:54 B C:\Documents and Settings\Trading\My Documents\Internet\StartPageDad\Start Page Images\flag3dbg[1].gif --> ftp.rangeweb.net /public_html/Start Page Images flag3dbg[1].gif
2005.01.05 11:54 B C:\Documents and Settings\Trading\My Documents\Internet\StartPageDad\Start Page Images\Flag_sidegraphic[1].jpg --> ftp.rangeweb.net /public_html/Start Page Images Flag_sidegraphic[1].jpg
2005.01.05 11:54 B C:\Documents and Settings\Trading\My Documents\Internet\StartPageDad\Start Page Images\flagbeigenoisybord[1].jpg --> ftp.rangeweb.net /public_html/Start Page Images flagbeigenoisybord[1].jpg
2005.01.05 11:54 B C:\Documents and Settings\Trading\My Documents\Internet\StartPageDad\Start Page Images\flagraise[1].jpg --> ftp.rangeweb.net /public_html/Start Page Images flagraise[1].jpg
2005.01.05 11:55 B C:\Documents and Settings\Trading\My Documents\Internet\StartPageDad\Start Page Images\flagWaves.jpg (13212 bytes).url --> ftp.rangeweb.net /public_html/Start Page Images flagWaves.jpg (13212 bytes).url
2005.01.05 11:55 B C:\Documents and Settings\Trading\My Documents\Internet\StartPageDad\Start Page Images\gerbil[1].gif --> ftp.rangeweb.net /public_html/Start Page Images gerbil[1].gif
2005.01.05 11:55 B C:\Documents and Settings\Trading\My Documents\Internet\StartPageDad\Start Page Images\hamu[1].gif --> ftp.rangeweb.net /public_html/Start Page Images hamu[1].gif
2005.01.05 11:55 B C:\Documents and Settings\Trading\My Documents\Internet\StartPageDad\Start Page Images\invasion[1].gif --> ftp.rangeweb.net /public_html/Start Page Images invasion[1].gif
2005.01.05 11:55 B C:\Documents and Settings\Trading\My Documents\Internet\StartPageDad\Start Page Images\lake-afgan.jpg.url --> ftp.rangeweb.net /public_html/Start Page Images lake-afgan.jpg.url
2005.01.05 11:58 B C:\Documents and Settings\Trading\My Documents\Internet\StartPageDad\Start Page Images\50star2.gif --> ftp.rangeweb.net /public_html/Startpage/Start Page Images 50star2.gif
2005.01.05 11:58 B C:\Documents and Settings\Trading\My Documents\Internet\StartPageDad\Start Page Images\afgani~1[1].jpg --> ftp.rangeweb.net /public_html/Startpage/Start Page Images afgani~1[1].jpg
2005.01.05 11:58 B C:\Documents and Settings\Trading\My Documents\Internet\StartPageDad\Start Page Images\amer-cit-medal[1].jpg --> ftp.rangeweb.net /public_html/Startpage/Start Page Images amer-cit-medal[1].jpg
2005.01.05 11:58 B C:\Documents and Settings\Trading\My Documents\Internet\StartPageDad\Start Page Images\America[1].jpg --> ftp.rangeweb.net /public_html/Startpage/Start Page Images America[1].jpg
2005.01.05 11:58 B C:\Documents and Settings\Trading\My Documents\Internet\StartPageDad\Start Page Images\anin[1].gif --> ftp.rangeweb.net /public_html/Startpage/Start Page Images anin[1].gif
2005.01.05 11:58 B C:\Documents and Settings\Trading\My Documents\Internet\StartPageDad\Start Page Images\chicken.gif --> ftp.rangeweb.net /public_html/Startpage/Start Page Images chicken.gif
2005.01.05 11:58 B C:\Documents and Settings\Trading\My Documents\Internet\StartPageDad\Start Page Images\chopper[1].jpg --> ftp.rangeweb.net /public_html/Startpage/Start Page Images chopper[1].jpg
2005.01.05 11:58 B C:\Documents and Settings\Trading\My Documents\Internet\StartPageDad\Start Page Images\dish1.bmp --> ftp.rangeweb.net /public_html/Startpage/Start Page Images dish1.bmp
2005.01.05 11:58 B C:\Documents and Settings\Trading\My Documents\Internet\StartPageDad\Start Page Images\Eagle_jpg.jpg.url --> ftp.rangeweb.net /public_html/Startpage/Start Page Images Eagle_jpg.jpg.url
2005.01.05 11:58 B C:\Documents and Settings\Trading\My Documents\Internet\StartPageDad\Start Page Images\eaglebgbar[1].gif --> ftp.rangeweb.net /public_html/Startpage/Start Page Images eaglebgbar[1].gif
2005.01.05 11:58 B C:\Documents and Settings\Trading\My Documents\Internet\StartPageDad\Start Page Images\eaglebites.jpg.url --> ftp.rangeweb.net /public_html/Startpage/Start Page Images eaglebites.jpg.url
2005.01.05 11:58 B C:\Documents and Settings\Trading\My Documents\Internet\StartPageDad\Start Page Images\elmojumping[1].gif --> ftp.rangeweb.net /public_html/Startpage/Start Page Images elmojumping[1].gif
2005.01.05 11:58 B C:\Documents and Settings\Trading\My Documents\Internet\StartPageDad\Start Page Images\fireworks_big_burst_sm_blk[1].gif --> ftp.rangeweb.net /public_html/Startpage/Start Page Images fireworks_big_burst_sm_blk[1].gif
2005.01.05 11:58 B C:\Documents and Settings\Trading\My Documents\Internet\StartPageDad\Start Page Images\flag1b[1].jpg --> ftp.rangeweb.net /public_html/Startpage/Start Page Images flag1b[1].jpg
2005.01.05 11:58 B C:\Documents and Settings\Trading\My Documents\Internet\StartPageDad\Start Page Images\flag3dbg[1].gif --> ftp.rangeweb.net /public_html/Startpage/Start Page Images flag3dbg[1].gif
2005.01.05 11:58 B C:\Documents and Settings\Trading\My Documents\Internet\StartPageDad\Start Page Images\Flag_sidegraphic[1].jpg --> ftp.rangeweb.net /public_html/Startpage/Start Page Images Flag_sidegraphic[1].jpg
2005.01.05 11:58 B C:\Documents and Settings\Trading\My Documents\Internet\StartPageDad\Start Page Images\flagbeigenoisybord[1].jpg --> ftp.rangeweb.net /public_html/Startpage/Start Page Images flagbeigenoisybord[1].jpg
2005.01.05 11:58 B C:\Documents and Settings\Trading\My Documents\Internet\StartPageDad\Start Page Images\flagraise[1].jpg --> ftp.rangeweb.net /public_html/Startpage/Start Page Images flagraise[1].jpg
2005.01.05 11:58 B C:\Documents and Settings\Trading\My Documents\Internet\StartPageDad\Start Page Images\flagWaves.jpg (13212 bytes).url --> ftp.rangeweb.net /public_html/Startpage/Start Page Images flagWaves.jpg (13212 bytes).url
2005.01.05 11:58 B C:\Documents and Settings\Trading\My Documents\Internet\StartPageDad\Start Page Images\gerbil[1].gif --> ftp.rangeweb.net /public_html/Startpage/Start Page Images gerbil[1].gif
2005.01.05 11:58 B C:\Documents and Settings\Trading\My Documents\Internet\StartPageDad\Start Page Images\hamu[1].gif --> ftp.rangeweb.net /public_html/Startpage/Start Page Images hamu[1].gif
2005.01.05 11:58 B C:\Documents and Settings\Trading\My Documents\Internet\StartPageDad\Start Page Images\invasion[1].gif --> ftp.rangeweb.net /public_html/Startpage/Start Page Images invasion[1].gif
2005.01.05 11:58 B C:\Documents and Settings\Trading\My Documents\Internet\StartPageDad\Start Page Images\lake-afgan.jpg.url --> ftp.rangeweb.net /public_html/Startpage/Start Page Images lake-afgan.jpg.url
2005.01.05 11:58 B C:\Documents and Settings\Trading\My Documents\Internet\StartPageDad\Start Page Images\ln001.gif --> ftp.rangeweb.net /public_html/Startpage/Start Page Images ln001.gif
2005.01.05 11:58 B C:\Documents and Settings\Trading\My Documents\Internet\StartPageDad\Start Page Images\manjumpingtobidmdblk[1].gif --> ftp.rangeweb.net /public_html/Startpage/Start Page Images manjumpingtobidmdblk[1].gif
2005.01.05 11:58 B C:\Documents and Settings\Trading\My Documents\Internet\StartPageDad\Start Page Images\misc204.jpg (6606 bytes).url --> ftp.rangeweb.net /public_html/Startpage/Start Page Images misc204.jpg (6606 bytes).url
2005.01.05 11:58 B C:\Documents and Settings\Trading\My Documents\Internet\StartPageDad\Start Page Images\mouse.gif --> ftp.rangeweb.net /public_html/Startpage/Start Page Images mouse.gif
2005.01.05 11:58 B C:\Documents and Settings\Trading\My Documents\Internet\StartPageDad\Start Page Images\newparkingarea.jpg.url --> ftp.rangeweb.net /public_html/Startpage/Start Page Images newparkingarea.jpg.url
2005.01.05 11:58 B C:\Documents and Settings\Trading\My Documents\Internet\StartPageDad\Start Page Images\outandplay.jpg.url --> ftp.rangeweb.net /public_html/Startpage/Start Page Images outandplay.jpg.url
2005.01.05 11:58 B C:\Documents and Settings\Trading\My Documents\Internet\StartPageDad\Start Page Images\peng.gif --> ftp.rangeweb.net /public_html/Startpage/Start Page Images peng.gif
2005.01.05 11:59 B C:\Documents and Settings\Trading\My Documents\Internet\StartPageDad\Start Page Images\ryokot.gif --> ftp.rangeweb.net /public_html/Startpage/Start Page Images ryokot.gif
2005.01.05 11:59 B C:\Documents and Settings\Trading\My Documents\Internet\StartPageDad\Start Page Images\ryoohki.gif --> ftp.rangeweb.net /public_html/Startpage/Start Page Images ryoohki.gif
2005.01.05 11:59 B C:\Documents and Settings\Trading\My Documents\Internet\StartPageDad\Start Page Images\sam[1].jpg --> ftp.rangeweb.net /public_html/Startpage/Start Page Images sam[1].jpg
2005.01.05 11:59 B C:\Documents and Settings\Trading\My Documents\Internet\StartPageDad\Start Page Images\usa-eagle.gif --> ftp.rangeweb.net /public_html/Startpage/Start Page Images usa-eagle.gif
2005.01.05 11:59 B C:\Documents and Settings\Trading\My Documents\Internet\StartPageDad\Start Page Images\usa-map.gif --> ftp.rangeweb.net /public_html/Startpage/Start Page Images usa-map.gif
2005.01.05 11:59 B C:\Documents and Settings\Trading\My Documents\Internet\StartPageDad\Start Page Images\usa-ribbon.gif --> ftp.rangeweb.net /public_html/Startpage/Start Page Images usa-ribbon.gif
2005.01.05 11:59 B C:\Documents and Settings\Trading\My Documents\Internet\StartPageDad\Start Page Images\workinitbg[1].jpg --> ftp.rangeweb.net /public_html/Startpage/Start Page Images workinitbg[1].jpg
2005.01.05 11:59 B C:\Documents and Settings\Trading\My Documents\Internet\StartPageDad\Start Page Images\WS_FTP.LOG --> ftp.rangeweb.net /public_html/Startpage/Start Page Images WS_FTP.LOG
